<?xml version="1.0" encoding="UTF-8"?>
<testng-results skipped="0" failed="0" total="1" passed="1">
  <reporter-output>
  </reporter-output>
  <suite name="Default suite" duration-ms="1225" started-at="2016-01-20T04:50:54Z" finished-at="2016-01-20T04:50:56Z">
    <groups>
    </groups>
    <test name="Default test" duration-ms="1225" started-at="2016-01-20T04:50:54Z" finished-at="2016-01-20T04:50:56Z">
      <class name="com.selenium.database.test.SQLTest">
        <test-method status="PASS" signature="sqlDataTest()[pri:0, instance:com.selenium.database.test.SQLTest@50675690]" name="sqlDataTest" duration-ms="1169" started-at="2016-01-19T20:50:55Z" finished-at="2016-01-19T20:50:56Z">
          <reporter-output>
          </reporter-output>
        </test-method> <!-- sqlDataTest -->
      </class> <!-- com.selenium.database.test.SQLTest -->
    </test> <!-- Default test -->
  </suite> <!-- Default suite -->
</testng-results>
